2023-07-30T00:59:28.567+07:00  INFO 6504 --- [restartedMain] com.example.TheAnhShopApplication        : Starting TheAnhShopApplication using Java 17.0.2 with PID 6504 (C:\Users\ADMIN\eclipse-workspace4\TheAnhShop\target\classes started by ADMIN in C:\Users\ADMIN\eclipse-workspace4\TheAnhShop)
2023-07-30T00:59:28.575+07:00  INFO 6504 --- [restartedMain] com.example.TheAnhShopApplication        : No active profile set, falling back to 1 default profile: "default"
2023-07-30T00:59:28.623+07:00  INFO 6504 --- [restartedMain] .e.DevToolsPropertyDefaultsPostProcessor : Devtools property defaults active! Set 'spring.devtools.add-properties' to 'false' to disable
2023-07-30T00:59:28.624+07:00  INFO 6504 --- [restartedMain] .e.DevToolsPropertyDefaultsPostProcessor : For additional web related logging consider setting the 'logging.level.web' property to 'DEBUG'
2023-07-30T00:59:29.842+07:00  INFO 6504 --- [restartedMain] .s.d.r.c.RepositoryConfigurationDelegate : Bootstrapping Spring Data JPA repositories in DEFAULT mode.
2023-07-30T00:59:29.954+07:00  INFO 6504 --- [restartedMain] .s.d.r.c.RepositoryConfigurationDelegate : Finished Spring Data repository scanning in 96 ms. Found 5 JPA repository interfaces.
2023-07-30T00:59:30.498+07:00  INFO 6504 --- [restartedMain] o.s.b.w.embedded.tomcat.TomcatWebServer  : Tomcat initialized with port(s): 8077 (http)
2023-07-30T00:59:30.506+07:00  INFO 6504 --- [restartedMain] o.apache.catalina.core.StandardService   : Starting service [Tomcat]
2023-07-30T00:59:30.507+07:00  INFO 6504 --- [restartedMain] o.apache.catalina.core.StandardEngine    : Starting Servlet engine: [Apache Tomcat/10.1.8]
2023-07-30T00:59:30.559+07:00  INFO 6504 --- [restartedMain] o.a.c.c.C.[Tomcat].[localhost].[/]       : Initializing Spring embedded WebApplicationContext
2023-07-30T00:59:30.559+07:00  INFO 6504 --- [restartedMain] w.s.c.ServletWebServerApplicationContext : Root WebApplicationContext: initialization completed in 1891 ms
2023-07-30T00:59:30.692+07:00  INFO 6504 --- [restartedMain] o.hibernate.jpa.internal.util.LogHelper  : HHH000204: Processing PersistenceUnitInfo [name: default]
2023-07-30T00:59:30.734+07:00  INFO 6504 --- [restartedMain] org.hibernate.Version                    : HHH000412: Hibernate ORM core version 6.1.7.Final
2023-07-30T00:59:30.949+07:00  INFO 6504 --- [restartedMain] com.zaxxer.hikari.HikariDataSource       : HikariPool-1 - Starting...
2023-07-30T00:59:31.069+07:00  INFO 6504 --- [restartedMain] com.zaxxer.hikari.pool.HikariPool        : HikariPool-1 - Added connection com.mysql.cj.jdbc.ConnectionImpl@27ce057f
2023-07-30T00:59:31.071+07:00  INFO 6504 --- [restartedMain] com.zaxxer.hikari.HikariDataSource       : HikariPool-1 - Start completed.
2023-07-30T00:59:31.087+07:00  INFO 6504 --- [restartedMain] SQL dialect                              : HHH000400: Using dialect: org.hibernate.dialect.MySQL8Dialect
2023-07-30T00:59:31.088+07:00  WARN 6504 --- [restartedMain] org.hibernate.orm.deprecation            : HHH90000026: MySQL8Dialect has been deprecated; use org.hibernate.dialect.MySQLDialect instead
2023-07-30T00:59:31.661+07:00  INFO 6504 --- [restartedMain] o.h.e.t.j.p.i.JtaPlatformInitiator       : HHH000490: Using JtaPlatform implementation: [org.hibernate.engine.transaction.jta.platform.internal.NoJtaPlatform]
2023-07-30T00:59:31.669+07:00  INFO 6504 --- [restartedMain] j.LocalContainerEntityManagerFactoryBean : Initialized JPA EntityManagerFactory for persistence unit 'default'
2023-07-30T00:59:32.072+07:00  INFO 6504 --- [restartedMain] o.s.b.a.w.s.WelcomePageHandlerMapping    : Adding welcome page template: index
2023-07-30T00:59:32.272+07:00  INFO 6504 --- [restartedMain] o.s.b.d.a.OptionalLiveReloadServer       : LiveReload server is running on port 35729
2023-07-30T00:59:32.305+07:00  INFO 6504 --- [restartedMain] o.s.b.w.embedded.tomcat.TomcatWebServer  : Tomcat started on port(s): 8077 (http) with context path ''
2023-07-30T00:59:32.315+07:00  INFO 6504 --- [restartedMain] com.example.TheAnhShopApplication        : Started TheAnhShopApplication in 4.069 seconds (process running for 4.546)
2023-07-30T00:59:32.396+07:00  INFO 6504 --- [http-nio-8077-exec-1] o.a.c.c.C.[Tomcat].[localhost].[/]       : Initializing Spring DispatcherServlet 'dispatcherServlet'
2023-07-30T00:59:32.396+07:00  INFO 6504 --- [http-nio-8077-exec-1] o.s.web.servlet.DispatcherServlet        : Initializing Servlet 'dispatcherServlet'
2023-07-30T00:59:32.397+07:00  INFO 6504 --- [http-nio-8077-exec-1] o.s.web.servlet.DispatcherServlet        : Completed initialization in 1 ms
2023-07-30T00:59:32.557+07:00  WARN 6504 --- [http-nio-8077-exec-1] o.t.s.p.StandardIncludeTagProcessor      : [THYMELEAF][http-nio-8077-exec-1][home.html] Deprecated attribute {th:include,data-th-include} found in template home.html, line 11, col 12. Please use {th:insert,data-th-insert} instead, this deprecated attribute will be removed in future versions of Thymeleaf.
2023-07-30T00:59:32.567+07:00  WARN 6504 --- [http-nio-8077-exec-1] actStandardFragmentInsertionTagProcessor : [THYMELEAF][http-nio-8077-exec-1][home.html] Deprecated unwrapped fragment expression "template.html" found in template home.html, line 11, col 12. Please use the complete syntax of fragment expressions instead ("~{template.html}"). The old, unwrapped syntax for fragment expressions will be removed in future versions of Thymeleaf.
2023-07-30T00:59:34.332+07:00  WARN 6504 --- [http-nio-8077-exec-3] o.t.s.p.StandardIncludeTagProcessor      : [THYMELEAF][http-nio-8077-exec-3][home.html] Deprecated attribute {th:include,data-th-include} found in template home.html, line 11, col 12. Please use {th:insert,data-th-insert} instead, this deprecated attribute will be removed in future versions of Thymeleaf.
2023-07-30T00:59:34.332+07:00  WARN 6504 --- [http-nio-8077-exec-3] actStandardFragmentInsertionTagProcessor : [THYMELEAF][http-nio-8077-exec-3][home.html] Deprecated unwrapped fragment expression "template.html" found in template home.html, line 11, col 12. Please use the complete syntax of fragment expressions instead ("~{template.html}"). The old, unwrapped syntax for fragment expressions will be removed in future versions of Thymeleaf.
2023-07-30T00:59:35.441+07:00  WARN 6504 --- [http-nio-8077-exec-9] o.t.s.p.StandardIncludeTagProcessor      : [THYMELEAF][http-nio-8077-exec-9][list.html] Deprecated attribute {th:include,data-th-include} found in template list.html, line 11, col 12. Please use {th:insert,data-th-insert} instead, this deprecated attribute will be removed in future versions of Thymeleaf.
2023-07-30T00:59:35.442+07:00  WARN 6504 --- [http-nio-8077-exec-9] actStandardFragmentInsertionTagProcessor : [THYMELEAF][http-nio-8077-exec-9][list.html] Deprecated unwrapped fragment expression "template.html" found in template list.html, line 11, col 12. Please use the complete syntax of fragment expressions instead ("~{template.html}"). The old, unwrapped syntax for fragment expressions will be removed in future versions of Thymeleaf.
2023-07-30T01:36:05.017+07:00  INFO 6504 --- [RMI TCP Connection(40)-127.0.0.1] inMXBeanRegistrar$SpringApplicationAdmin : Application shutdown requested.
2023-07-30T01:36:05.035+07:00  INFO 6504 --- [RMI TCP Connection(40)-127.0.0.1] o.apache.catalina.core.StandardService   : Stopping service [Tomcat]
2023-07-30T01:36:05.037+07:00  INFO 6504 --- [RMI TCP Connection(40)-127.0.0.1] o.a.c.c.C.[Tomcat].[localhost].[/]       : Destroying Spring FrameworkServlet 'dispatcherServlet'
2023-07-30T01:36:05.052+07:00  INFO 6504 --- [RMI TCP Connection(40)-127.0.0.1] j.LocalContainerEntityManagerFactoryBean : Closing JPA EntityManagerFactory for persistence unit 'default'
2023-07-30T01:36:05.056+07:00  INFO 6504 --- [RMI TCP Connection(40)-127.0.0.1] com.zaxxer.hikari.HikariDataSource       : HikariPool-1 - Shutdown initiated...
2023-07-30T01:36:05.059+07:00  INFO 6504 --- [RMI TCP Connection(40)-127.0.0.1] com.zaxxer.hikari.HikariDataSource       : HikariPool-1 - Shutdown completed.
